
> backend@1.0.0 start
> node server.js

✓ MongoDB connected
✅ Socket.IO initialized
✅ All API routes mounted
🚀 API running on PORT 5000
[0mGET /api/jobs?page=1&limit=6&sort=recent [32m200[0m 38.052 ms - 473[0m
✅ User connected: z3Zrmjsj2a5MfaOCAAAC
🔐 User 69c625e1192c085c50f40331 mapped to socket z3Zrmjsj2a5MfaOCAAAC
👥 Online users: 1
[0mGET /api/verify/status [32m200[0m 19.958 ms - 37[0m
[0mGET /api/notifications [32m200[0m 15.708 ms - 2[0m
[0mGET /api/verify/status [36m304[0m 8.459 ms - -[0m
[0mGET /api/notifications [36m304[0m 6.882 ms - -[0m
[0mPOST /api/jobs [32m201[0m 16.541 ms - 427[0m
[0mGET /api/verify/status [36m304[0m 7.228 ms - -[0m
[0mGET /api/jobs/69c627e1bce718dd3ee3acee [32m200[0m 5.725 ms - 419[0m
[0mGET /api/jobs/69c627e1bce718dd3ee3acee [36m304[0m 2.830 ms - -[0m
[0mGET /api/applications/job/69c627e1bce718dd3ee3acee [32m200[0m 9.342 ms - 22[0m
[0mGET /api/applications/job/69c627e1bce718dd3ee3acee [36m304[0m 5.173 ms - -[0m
❌ User disconnected: z3Zrmjsj2a5MfaOCAAAC
👋 User 69c625e1192c085c50f40331 removed
👥 Online users: 0
[0mGET /api/jobs?page=1&limit=6&sort=recent [32m200[0m 3.988 ms - 893[0m
[0mGET /api/jobs?page=1&limit=6&sort=recent [36m304[0m 4.150 ms - -[0m
✅ User connected: QGEDgLs9ZQrFoT0EAAAF
🔐 User 69c625e1192c085c50f40334 mapped to socket QGEDgLs9ZQrFoT0EAAAF
👥 Online users: 1
[0mGET /api/jobs?page=1&limit=12 [32m200[0m 4.840 ms - 894[0m
[0mGET /api/notifications [36m304[0m 8.565 ms - -[0m
[0mGET /api/verify/status [36m304[0m 12.238 ms - -[0m
[0mGET /api/jobs?page=1&limit=12 [36m304[0m 8.136 ms - -[0m
[0mGET /api/verify/status [36m304[0m 8.338 ms - -[0m
[0mGET /api/notifications [36m304[0m 6.835 ms - -[0m
❌ User disconnected: QGEDgLs9ZQrFoT0EAAAF
👋 User 69c625e1192c085c50f40334 removed
👥 Online users: 0
